0 info it worked if it ends with ok
1 verbose cli [ 'C:\\Program Files\\nodejs\\node.exe',
1 verbose cli   'C:\\Program Files\\nodejs\\node_modules\\npm\\bin\\npm-cli.js',
1 verbose cli   'publish' ]
2 info using npm@3.10.10
3 info using node@v6.11.2
4 verbose publish [ '.' ]
5 silly cache add args [ '.', null ]
6 verbose cache add spec .
7 silly cache add parsed spec Result {
7 silly cache add   raw: '.',
7 silly cache add   scope: null,
7 silly cache add   escapedName: null,
7 silly cache add   name: null,
7 silly cache add   rawSpec: '.',
7 silly cache add   spec: 'F:\\pakages\\igiya',
7 silly cache add   type: 'directory' }
8 verbose addLocalDirectory C:\Users\Fiction\AppData\Roaming\npm-cache\igiya\0.0.1\package.tgz not in flight; packing
9 verbose correctMkdir C:\Users\Fiction\AppData\Roaming\npm-cache correctMkdir not in flight; initializing
10 info lifecycle igiya@0.0.1~prepublish: igiya@0.0.1
11 silly lifecycle igiya@0.0.1~prepublish: no script for prepublish, continuing
12 verbose tar pack [ 'C:\\Users\\Fiction\\AppData\\Roaming\\npm-cache\\igiya\\0.0.1\\package.tgz',
12 verbose tar pack   'F:\\pakages\\igiya' ]
13 verbose tarball C:\Users\Fiction\AppData\Roaming\npm-cache\igiya\0.0.1\package.tgz
14 verbose folder F:\pakages\igiya
15 verbose addLocalTarball adding from inside cache C:\Users\Fiction\AppData\Roaming\npm-cache\igiya\0.0.1\package.tgz
16 verbose correctMkdir C:\Users\Fiction\AppData\Roaming\npm-cache correctMkdir not in flight; initializing
17 silly cache afterAdd igiya@0.0.1
18 verbose afterAdd C:\Users\Fiction\AppData\Roaming\npm-cache\igiya\0.0.1\package\package.json not in flight; writing
19 verbose correctMkdir C:\Users\Fiction\AppData\Roaming\npm-cache correctMkdir not in flight; initializing
20 verbose afterAdd C:\Users\Fiction\AppData\Roaming\npm-cache\igiya\0.0.1\package\package.json written
21 silly publish { name: 'igiya',
21 silly publish   version: '0.0.1',
21 silly publish   description: 'Suggetion engin',
21 silly publish   main: 'index.js',
21 silly publish   scripts: { test: 'mocha --reporter spec' },
21 silly publish   repository: { type: 'git', url: 'git+https://github.com/lifeeka/igiya.git' },
21 silly publish   keywords: [ 'suggetion', 'engin', 'auto', 'complte' ],
21 silly publish   author: { name: 'Supun Praneeth' },
21 silly publish   license: 'MIT',
21 silly publish   bugs: { url: 'https://github.com/lifeeka/igiya/issues' },
21 silly publish   homepage: 'https://github.com/lifeeka/igiya#readme',
21 silly publish   dependencies: { store: '^2.0.0', lodash: '^4.17.4', request: '^2.83.0' },
21 silly publish   devDependencies: { chai: '^4.1.2', mocha: '^4.0.1' },
21 silly publish   gitHead: '07ae18b10d19bd4b7403306f75956c38f92aff9b',
21 silly publish   readme: 'ERROR: No README data found!',
21 silly publish   _id: 'igiya@0.0.1',
21 silly publish   _shasum: 'c8324d9ea38b22e5561a2034ce411fbd1cc3bc59',
21 silly publish   _from: '.' }
22 verbose getPublishConfig undefined
23 silly mapToRegistry name igiya
24 silly mapToRegistry using default registry
25 silly mapToRegistry registry https://registry.npmjs.org/
26 silly mapToRegistry data Result {
26 silly mapToRegistry   raw: 'igiya',
26 silly mapToRegistry   scope: null,
26 silly mapToRegistry   escapedName: 'igiya',
26 silly mapToRegistry   name: 'igiya',
26 silly mapToRegistry   rawSpec: '',
26 silly mapToRegistry   spec: 'latest',
26 silly mapToRegistry   type: 'tag' }
27 silly mapToRegistry uri https://registry.npmjs.org/igiya
28 verbose publish registryBase https://registry.npmjs.org/
29 silly publish uploading C:\Users\Fiction\AppData\Roaming\npm-cache\igiya\0.0.1\package.tgz
30 verbose request uri https://registry.npmjs.org/igiya
31 verbose request sending authorization for write operation
32 info attempt registry request try #1 at 2:59:02 PM
33 verbose request using bearer token for auth
34 verbose request id 17f7d9dd2ba3e507
35 http request PUT https://registry.npmjs.org/igiya
36 http 403 https://registry.npmjs.org/igiya
37 verbose headers { 'content-type': 'application/json',
37 verbose headers   'cache-control': 'max-age=300',
37 verbose headers   'content-length': '91',
37 verbose headers   'accept-ranges': 'bytes',
37 verbose headers   date: 'Fri, 01 Dec 2017 09:29:04 GMT',
37 verbose headers   via: '1.1 varnish',
37 verbose headers   connection: 'keep-alive',
37 verbose headers   'x-served-by': 'cache-sin18028-SIN',
37 verbose headers   'x-cache': 'MISS',
37 verbose headers   'x-cache-hits': '0',
37 verbose headers   'x-timer': 'S1512120543.294028,VS0,VE1012',
37 verbose headers   vary: 'Accept-Encoding, Accept' }
38 verbose request invalidating C:\Users\Fiction\AppData\Roaming\npm-cache\registry.npmjs.org\igiya on PUT
39 error publish Failed PUT 403
40 verbose stack Error: You cannot publish over the previously published version 0.0.1. : igiya
40 verbose stack     at makeError (C:\Program Files\nodejs\node_modules\npm\node_modules\npm-registry-client\lib\request.js:302:12)
40 verbose stack     at CachingRegistryClient.<anonymous> (C:\Program Files\nodejs\node_modules\npm\node_modules\npm-registry-client\lib\request.js:290:14)
40 verbose stack     at Request._callback (C:\Program Files\nodejs\node_modules\npm\node_modules\npm-registry-client\lib\request.js:210:14)
40 verbose stack     at Request.self.callback (C:\Program Files\nodejs\node_modules\npm\node_modules\request\request.js:187:22)
40 verbose stack     at emitTwo (events.js:106:13)
40 verbose stack     at Request.emit (events.js:191:7)
40 verbose stack     at Request.<anonymous> (C:\Program Files\nodejs\node_modules\npm\node_modules\request\request.js:1048:10)
40 verbose stack     at emitOne (events.js:96:13)
40 verbose stack     at Request.emit (events.js:188:7)
40 verbose stack     at IncomingMessage.<anonymous> (C:\Program Files\nodejs\node_modules\npm\node_modules\request\request.js:969:12)
41 verbose statusCode 403
42 verbose pkgid igiya
43 verbose cwd F:\pakages\igiya
44 error Windows_NT 10.0.15063
45 error argv "C:\\Program Files\\nodejs\\node.exe" "C:\\Program Files\\nodejs\\node_modules\\npm\\bin\\npm-cli.js" "publish"
46 error node v6.11.2
47 error npm  v3.10.10
48 error code E403
49 error You cannot publish over the previously published version 0.0.1. : igiya
50 error If you need help, you may report this error at:
50 error     <https://github.com/npm/npm/issues>
51 verbose exit [ 1, true ]
